<?xml version="1.0" encoding="UTF-8"?>
<testsuite xmlns:xsi="http://www.w3.org/2001/XMLSchema-instance" xsi:noNamespaceSchemaLocation="https://maven.apache.org/surefire/maven-surefire-plugin/xsd/surefire-test-report.xsd" version="3.0.2" name="pe.edu.practica03.GestorTareasTest" time="0.312" tests="8" errors="0" skipped="0" failures="0">
  <properties>
[...]
</properties>
  <testcase name="exportaJsonConTituloYEstado" classname="pe.edu.practica03.GestorTareasTest" time="0.195"/>
  <testcase name="agregaTareaConIdYNormalizaTitulo" classname="pe.edu.practica03.GestorTareasTest" time="0.033"/>
  <testcase name="rechazaTituloNulo" classname="pe.edu.practica03.GestorTareasTest" time="0.006"/>
  <testcase name="protegeLaListaInterna" classname="pe.edu.practica03.GestorTareasTest" time="0.002"/>
  <testcase name="rechazaTituloVacio" classname="pe.edu.practica03.GestorTareasTest" time="0.003"/>
  <testcase name="rechazaIdInexistente" classname="pe.edu.practica03.GestorTareasTest" time="0.008"/>
  <testcase name="completaUnaTareaExistente" classname="pe.edu.practica03.GestorTareasTest" time="0.001"/>
  <testcase name="iniciaSinTareas" classname="pe.edu.practica03.GestorTareasTest" time="0.001"/>
</testsuite>